d:\documents\visual studio\pacmanframework(s2dv1.5) oop\pacman\pacman\debug\vc141.pdb
d:\documents\visual studio\pacmanframework(s2dv1.5) oop\pacman\pacman\debug\vc141.idb
d:\documents\visual studio\pacmanframework(s2dv1.5) oop\pacman\pacman\debug\barrier.obj
d:\documents\visual studio\pacmanframework(s2dv1.5) oop\pacman\pacman\debug\bonuscontroller.obj
d:\documents\visual studio\pacmanframework(s2dv1.5) oop\pacman\pacman\debug\cherry.obj
d:\documents\visual studio\pacmanframework(s2dv1.5) oop\pacman\pacman\debug\gamecontroller.obj
d:\documents\visual studio\pacmanframework(s2dv1.5) oop\pacman\pacman\debug\gameobject.obj
d:\documents\visual studio\pacmanframework(s2dv1.5) oop\pacman\pacman\debug\ghost.obj
d:\documents\visual studio\pacmanframework(s2dv1.5) oop\pacman\pacman\debug\main.obj
d:\documents\visual studio\pacmanframework(s2dv1.5) oop\pacman\pacman\debug\munchies.obj
d:\documents\visual studio\pacmanframework(s2dv1.5) oop\pacman\pacman\debug\pacman.obj
d:\documents\visual studio\pacmanframework(s2dv1.5) oop\pacman\pacman\debug\slowness_powerup.obj
d:\documents\visual studio\pacmanframework(s2dv1.5) oop\pacman\pacman\debug\speed_powerup.obj
d:\documents\visual studio\pacmanframework(s2dv1.5) oop\pacman\debug\pacman.exe
d:\documents\visual studio\pacmanframework(s2dv1.5) oop\pacman\debug\pacman.ilk
d:\documents\visual studio\pacmanframework(s2dv1.5) oop\pacman\debug\pacman.pdb
d:\documents\visual studio\pacmanframework(s2dv1.5) oop\pacman\pacman\debug\pacman.tlog\cl.command.1.tlog
d:\documents\visual studio\pacmanframework(s2dv1.5) oop\pacman\pacman\debug\pacman.tlog\cl.read.1.tlog
d:\documents\visual studio\pacmanframework(s2dv1.5) oop\pacman\pacman\debug\pacman.tlog\cl.write.1.tlog
d:\documents\visual studio\pacmanframework(s2dv1.5) oop\pacman\pacman\debug\pacman.tlog\link.command.1.tlog
d:\documents\visual studio\pacmanframework(s2dv1.5) oop\pacman\pacman\debug\pacman.tlog\link.read.1.tlog
d:\documents\visual studio\pacmanframework(s2dv1.5) oop\pacman\pacman\debug\pacman.tlog\link.write.1.tlog
